<?xml version="1.0" encoding="UTF-8"?>
<!-- Generated by org.testng.reporters.JUnitReportReporter -->
<testsuite hostname="DESKTOP-B853B57" failures="0" tests="9" name="com.sgtesting.testngprototype.CreateProjectChromeDemo" time="79.331" errors="0" timestamp="2022-09-16T16:44:44 IST" skipped="0">
  <testcase classname="com.sgtesting.testngprototype.CreateProjectChromeDemo" name="launchBrowser" time="2.143"/>
  <system-out/>
  <testcase classname="com.sgtesting.testngprototype.CreateProjectChromeDemo" name="navigate" time="6.786"/>
  <system-out/>
  <testcase classname="com.sgtesting.testngprototype.CreateProjectChromeDemo" name="login" time="2.556"/>
  <system-out/>
  <testcase classname="com.sgtesting.testngprototype.CreateProjectChromeDemo" name="createCustomer" time="19.882"/>
  <system-out/>
  <testcase classname="com.sgtesting.testngprototype.CreateProjectChromeDemo" name="createProject" time="16.220"/>
  <system-out/>
  <testcase classname="com.sgtesting.testngprototype.CreateProjectChromeDemo" name="deleteProject" time="12.600"/>
  <system-out/>
  <testcase classname="com.sgtesting.testngprototype.CreateProjectChromeDemo" name="deleteCustomer" time="12.673"/>
  <system-out/>
  <testcase classname="com.sgtesting.testngprototype.CreateProjectChromeDemo" name="logout" time="5.628"/>
  <system-out/>
  <testcase classname="com.sgtesting.testngprototype.CreateProjectChromeDemo" name="closeBrowser" time="0.843"/>
  <system-out/>
</testsuite> <!-- com.sgtesting.testngprototype.CreateProjectChromeDemo -->
