<?xml version="1.0" encoding="UTF-8"?>
<!-- Generated by org.testng.reporters.JUnitReportReporter -->
<testsuite hostname="DESKTOP-B853B57" failures="0" tests="7" name="com.sgtesting.testngprototype.CreateCustomerChromeDemo" time="68.731" errors="0" timestamp="2022-09-16T16:44:44 IST" skipped="0">
  <testcase classname="com.sgtesting.testngprototype.CreateCustomerChromeDemo" name="launchBrowser" time="11.875"/>
  <system-out/>
  <testcase classname="com.sgtesting.testngprototype.CreateCustomerChromeDemo" name="navigate" time="7.429"/>
  <system-out/>
  <testcase classname="com.sgtesting.testngprototype.CreateCustomerChromeDemo" name="login" time="5.579"/>
  <system-out/>
  <testcase classname="com.sgtesting.testngprototype.CreateCustomerChromeDemo" name="createCustomer" time="21.631"/>
  <system-out/>
  <testcase classname="com.sgtesting.testngprototype.CreateCustomerChromeDemo" name="deleteCustomer" time="15.592"/>
  <system-out/>
  <testcase classname="com.sgtesting.testngprototype.CreateCustomerChromeDemo" name="logout" time="5.977"/>
  <system-out/>
  <testcase classname="com.sgtesting.testngprototype.CreateCustomerChromeDemo" name="closeBrowser" time="0.648"/>
  <system-out/>
</testsuite> <!-- com.sgtesting.testngprototype.CreateCustomerChromeDemo -->
