<?xml version="1.0" encoding="UTF-8"?>
<!-- Generated by org.testng.reporters.JUnitReportReporter -->
<testsuite hostname="DESKTOP-B853B57" failures="0" tests="8" name="com.sgtesting.testngprototype.ModifyUserNameScenarioChromeDemo" time="64.007" errors="0" timestamp="2022-09-16T16:44:44 IST" skipped="0">
  <testcase classname="com.sgtesting.testngprototype.ModifyUserNameScenarioChromeDemo" name="launchBrowser" time="2.099"/>
  <system-out/>
  <testcase classname="com.sgtesting.testngprototype.ModifyUserNameScenarioChromeDemo" name="navigate" time="6.282"/>
  <system-out/>
  <testcase classname="com.sgtesting.testngprototype.ModifyUserNameScenarioChromeDemo" name="login" time="4.441"/>
  <system-out/>
  <testcase classname="com.sgtesting.testngprototype.ModifyUserNameScenarioChromeDemo" name="createUser" time="16.773"/>
  <system-out/>
  <testcase classname="com.sgtesting.testngprototype.ModifyUserNameScenarioChromeDemo" name="ModifyUser" time="17.390"/>
  <system-out/>
  <testcase classname="com.sgtesting.testngprototype.ModifyUserNameScenarioChromeDemo" name="deleteUserName" time="10.446"/>
  <system-out/>
  <testcase classname="com.sgtesting.testngprototype.ModifyUserNameScenarioChromeDemo" name="logout" time="5.944"/>
  <system-out/>
  <testcase classname="com.sgtesting.testngprototype.ModifyUserNameScenarioChromeDemo" name="closeBrowser" time="0.632"/>
  <system-out/>
</testsuite> <!-- com.sgtesting.testngprototype.ModifyUserNameScenarioChromeDemo -->
