<?xml version="1.0" encoding="UTF-8"?>
<!-- Generated by org.testng.reporters.JUnitReportReporter -->
<testsuite hostname="DESKTOP-B853B57" failures="0" tests="11" name="com.sgtesting.testngprototype.createTaskChromeDemo" time="105.138" errors="0" timestamp="2022-09-16T16:44:44 IST" skipped="0">
  <testcase classname="com.sgtesting.testngprototype.createTaskChromeDemo" name="launchBrowser" time="2.130"/>
  <system-out/>
  <testcase classname="com.sgtesting.testngprototype.createTaskChromeDemo" name="navigate" time="6.543"/>
  <system-out/>
  <testcase classname="com.sgtesting.testngprototype.createTaskChromeDemo" name="login" time="2.503"/>
  <system-out/>
  <testcase classname="com.sgtesting.testngprototype.createTaskChromeDemo" name="createCustomer" time="19.713"/>
  <system-out/>
  <testcase classname="com.sgtesting.testngprototype.createTaskChromeDemo" name="createProject" time="16.276"/>
  <system-out/>
  <testcase classname="com.sgtesting.testngprototype.createTaskChromeDemo" name="createTask" time="15.022"/>
  <system-out/>
  <testcase classname="com.sgtesting.testngprototype.createTaskChromeDemo" name="deleteTask" time="10.760"/>
  <system-out/>
  <testcase classname="com.sgtesting.testngprototype.createTaskChromeDemo" name="deleteProject" time="12.677"/>
  <system-out/>
  <testcase classname="com.sgtesting.testngprototype.createTaskChromeDemo" name="deleteCustomer" time="12.729"/>
  <system-out/>
  <testcase classname="com.sgtesting.testngprototype.createTaskChromeDemo" name="logout" time="5.913"/>
  <system-out/>
  <testcase classname="com.sgtesting.testngprototype.createTaskChromeDemo" name="closeBrowser" time="0.872"/>
  <system-out/>
</testsuite> <!-- com.sgtesting.testngprototype.createTaskChromeDemo -->
