<?xml version="1.0" encoding="UTF-8"?>
<!-- Generated by org.testng.reporters.JUnitReportReporter -->
<testsuite hostname="DESKTOP-B853B57" failures="0" tests="7" name="com.sgtesting.testngprototype.CreateUserScenariodemoChrome" time="47.262" errors="0" timestamp="2022-09-16T16:44:44 IST" skipped="0">
  <testcase classname="com.sgtesting.testngprototype.CreateUserScenariodemoChrome" name="launchBrowser" time="2.559"/>
  <system-out/>
  <testcase classname="com.sgtesting.testngprototype.CreateUserScenariodemoChrome" name="navigate" time="6.496"/>
  <system-out/>
  <testcase classname="com.sgtesting.testngprototype.CreateUserScenariodemoChrome" name="login" time="4.470"/>
  <system-out/>
  <testcase classname="com.sgtesting.testngprototype.CreateUserScenariodemoChrome" name="createUser" time="16.759"/>
  <system-out/>
  <testcase classname="com.sgtesting.testngprototype.CreateUserScenariodemoChrome" name="deleteUserName" time="10.552"/>
  <system-out/>
  <testcase classname="com.sgtesting.testngprototype.CreateUserScenariodemoChrome" name="logout" time="5.525"/>
  <system-out/>
  <testcase classname="com.sgtesting.testngprototype.CreateUserScenariodemoChrome" name="closeBrowser" time="0.901"/>
  <system-out/>
</testsuite> <!-- com.sgtesting.testngprototype.CreateUserScenariodemoChrome -->
