<?xml version="1.0" encoding="UTF-8"?>
<!-- Generated by org.testng.reporters.JUnitReportReporter -->
<testsuite hostname="DESKTOP-B853B57" failures="0" tests="10" name="com.sgtesting.testngprototype.ModifyProjectChromeDemo" time="91.372" errors="0" timestamp="2022-09-16T16:44:44 IST" skipped="0">
  <testcase classname="com.sgtesting.testngprototype.ModifyProjectChromeDemo" name="launchBrowser" time="2.147"/>
  <system-out/>
  <testcase classname="com.sgtesting.testngprototype.ModifyProjectChromeDemo" name="navigate" time="6.307"/>
  <system-out/>
  <testcase classname="com.sgtesting.testngprototype.ModifyProjectChromeDemo" name="login" time="2.450"/>
  <system-out/>
  <testcase classname="com.sgtesting.testngprototype.ModifyProjectChromeDemo" name="createCustomer" time="19.434"/>
  <system-out/>
  <testcase classname="com.sgtesting.testngprototype.ModifyProjectChromeDemo" name="createProject" time="16.044"/>
  <system-out/>
  <testcase classname="com.sgtesting.testngprototype.ModifyProjectChromeDemo" name="modifyProject" time="13.007"/>
  <system-out/>
  <testcase classname="com.sgtesting.testngprototype.ModifyProjectChromeDemo" name="deleteProject" time="12.691"/>
  <system-out/>
  <testcase classname="com.sgtesting.testngprototype.ModifyProjectChromeDemo" name="deleteCustomer" time="12.649"/>
  <system-out/>
  <testcase classname="com.sgtesting.testngprototype.ModifyProjectChromeDemo" name="logout" time="5.598"/>
  <system-out/>
  <testcase classname="com.sgtesting.testngprototype.ModifyProjectChromeDemo" name="closeBrowser" time="1.045"/>
  <system-out/>
</testsuite> <!-- com.sgtesting.testngprototype.ModifyProjectChromeDemo -->
