<?xml version="1.0" encoding="UTF-8"?>
<!-- Generated by org.testng.reporters.JUnitReportReporter -->
<testsuite hostname="DESKTOP-B853B57" failures="0" tests="8" name="com.sgtesting.testngprototype.ModifyCustomerChromeDemo" time="63.726" errors="0" timestamp="2022-09-16T16:44:44 IST" skipped="0">
  <testcase classname="com.sgtesting.testngprototype.ModifyCustomerChromeDemo" name="launchBrowser" time="2.186"/>
  <system-out/>
  <testcase classname="com.sgtesting.testngprototype.ModifyCustomerChromeDemo" name="navigate" time="6.662"/>
  <system-out/>
  <testcase classname="com.sgtesting.testngprototype.ModifyCustomerChromeDemo" name="login" time="2.479"/>
  <system-out/>
  <testcase classname="com.sgtesting.testngprototype.ModifyCustomerChromeDemo" name="createCustomer" time="19.563"/>
  <system-out/>
  <testcase classname="com.sgtesting.testngprototype.ModifyCustomerChromeDemo" name="modifyCustomer" time="10.057"/>
  <system-out/>
  <testcase classname="com.sgtesting.testngprototype.ModifyCustomerChromeDemo" name="DeleteCustomer" time="15.786"/>
  <system-out/>
  <testcase classname="com.sgtesting.testngprototype.ModifyCustomerChromeDemo" name="logout" time="5.945"/>
  <system-out/>
  <testcase classname="com.sgtesting.testngprototype.ModifyCustomerChromeDemo" name="closeBrowser" time="1.048"/>
  <system-out/>
</testsuite> <!-- com.sgtesting.testngprototype.ModifyCustomerChromeDemo -->
